level=info msg="Loaded config from directory" config-dir=/etc/tetragon/tetragon.conf.d/
level=info msg="Starting gops server" addr=localhost:8118
level=info msg="Starting tetragon" version=v1.7.0
level=info msg="config settings" config="map[bpf-dir:tetragon bpf-lib:/var/lib/tetragon/ btf: cgroup-rate: cluster-name: config-dir:/etc/tetragon/tetragon.conf.d/ cpuprofile: cri-endpoint: data-cache-size:1024 debug:false disable-kprobe-multi:false enable-ancestors: enable-cgidmap:false enable-cgidmap-debug:false enable-cgtrackerid:true enable-cri:false enable-deprecated-tracingpolicy-grpc:false enable-export-aggregation:false enable-k8s-api:true enable-msg-handling-latency:false enable-pid-set-filter:false enable-pod-annotations:false enable-pod-info:false enable-policy-filter:true enable-policy-filter-cgroup-map:false enable-policy-filter-debug:false enable-process-cred:true enable-process-environment-variables:false enable-process-ns:true enable-tracing-policy-crd:true event-cache-retries:15 event-cache-retry-delay:2 event-queue-size:10000 execve-map-entries:0 execve-map-size: export-aggregation-buffer-size:10000 export-aggregation-window-size:15s export-allowlist:{\"event_set\":[\"PROCESS_EXEC\", \"PROCESS_EXIT\", \"PROCESS_KPROBE\", \"PROCESS_UPROBE\", \"PROCESS_TRACEPOINT\", \"PROCESS_LSM\"]} export-denylist:{\"health_check\":true}\n{\"namespace\":[\"\", \"cilium\", \"kube-system\"]} export-file-compress:false export-file-max-backups:5 export-file-max-size-mb:10 export-file-perm:600 export-file-rotation-interval:0s export-filename:/var/run/cilium/tetragon/tetragon.log export-rate-limit:-1 expose-stack-addresses:false field-filters: filter-environment-variables:[] force-large-progs:false force-small-progs:false generate-docs:false gops-address:localhost:8118 health-server-address::6789 health-server-interval:10 k8s-controlplane-retry:1 k8s-kubeconfig-path: keep-sensors-on-exit:false kernel: log-file: log-format:text log-level:info memprofile: metrics-label-filter:namespace,workload,pod,binary metrics-server::2112 netns-dir:/var/run/docker/netns/ parents-map-enabled:false parents-map-entries:0 parents-map-size: pprof-address: process-cache-gc-interval:30s process-cache-size:65536 procfs:/procRoot rb-queue-size:65535 rb-size:0 rb-size-total:0 redaction-filters: release-pinned-bpf:true retprobes-cache-size:4096 server-address:unix:///var/run/tetragon/tetragon.sock tracing-policy: tracing-policy-dir:/etc/tetragon/tetragon.tp.d use-perf-ring-buffer:false username-metadata:disabled verbose:0]"
level=info msg="Tetragon current security context" SELinux="kernel\x00" AppArmor="" Smack="" Lockdown=""
level=info msg="Tetragon pid file creation succeeded" pid=5337 pidfile=/var/run/tetragon/tetragon.pid
level=warn msg="inode mismatch: procfs does not appear to be host procfs" path=/procRoot/1/ns/pid inode=4026532299 "expected inode"=4026531836
level=warn msg="BPF filesystem is going to be mounted automatically in /run/cilium/bpffs. However, it probably means that Cilium is running inside container and BPFFS is not mounted on the host. for more information, see: https://cilium.link/err-bpf-mount"
level=info msg="BPF: successfully released pinned BPF programs and maps" bpf-dir=/run/cilium/bpffs/tetragon
level=info msg="Enabling policy filtering"
level=info msg="BTF discovery: default kernel btf file found" btf-file=/sys/kernel/btf/vmlinux
level=error msg="detect modify return syscall" error="failed to load: load program: invalid argument: __x64_sys_getcpu() is not modifiable (1 line(s) omitted)"
level=info msg="BPF detected features: override_return: false, buildid: true, kprobe_multi: false, uprobe_multi: true, fmodret: true, fmodret_syscall: false, signal: true, large: true, link_pin: true, lsm: false, missed_stats_kprobe_multi: false, missed_stats_kprobe: true, batch_update: true, uprobe_refctroff: true, audit_loginuid: true, probe_write_user: true, uprobe_regs_change: false, mix_bpf_and_tail_calls: true, fentry: true, get_func_ret: true"
level=info msg="Starting metrics server" addr=:2112
level=info msg="Registering pod delete handler for metrics"
level=info msg="Cgroup mode detection succeeded" cgroup.fs=/sys/fs/cgroup cgroup.mode="Unified mode (Cgroupv2)"
level=info msg="Cgroupv2 supported controllers detected successfully" cgroup.fs=/sys/fs/cgroup cgroup.path=/procRoot/1/root/sys/fs/cgroup cgroup.controllers="[cpuset cpu io memory hugetlb pids rdma]" cgroup.hierarchyID=0
level=info msg="Cgroupv2 supported controllers detected successfully" cgroup.fs=/sys/fs/cgroup cgroup.path=/sys/fs/cgroup/init.scope cgroup.controllers="[cpuset cpu io memory hugetlb pids rdma]" cgroup.hierarchyID=0
level=info msg="Cgroupv2 hierarchy validated successfully" cgroup.fs=/sys/fs/cgroup cgroup.path=/sys/fs/cgroup/init.scope
level=info msg="Deployment mode detection succeeded" cgroup.fs=/sys/fs/cgroup deployment.mode=Kubernetes
level=info msg="Updated TetragonConf map successfully" confmap-update=tg_conf_map deployment.mode=Kubernetes log.level=0 cgroup.fs.magic=Cgroupv2 cgroup.hierarchyID=0 NSPID=1
level=info msg="Enabling Kubernetes API"
level=info msg="created controller manager" attempts=1 duration=18.343388ms
level=info msg="registering policyfilter pod handlers"
level=info msg="Waiting for required CRDs" crds="map[tracingpolicies.cilium.io:{} tracingpoliciesnamespaced.cilium.io:{}]"
level=info msg="FindCgroupID: found path without matching pod id, continuing." subsystem=policy-filter pod-id=4604ad4a-338c-481e-a76f-7be875bb49ec container-id=af803e3b1049c574cba29ce2f6c5d2c8fa4ef45d80fc26670510064423f3d244
level=info msg="Found CRD" crd=tracingpolicies.cilium.io
level=info msg="Found CRD" crd=tracingpoliciesnamespaced.cilium.io
level=info msg="Found all the required CRDs"
level=info msg="FindCgroupID: found path without matching pod id, continuing." subsystem=policy-filter pod-id=80c15edf-6fc4-46e9-8d1d-2b775140f381 container-id=cc0ec2ebf46cec44df1b2406d3e86b1c6dfc1889897ceb1078a59a6e6ccfa267
level=info msg="Configured redaction filters" redactionFilters=""
level=info msg="FindCgroupID: found path without matching pod id, continuing." subsystem=policy-filter pod-id=c664c04a-4e09-45bd-a7e8-63f408e4f1c8 container-id=b011dc34d41631787f2eda65aa3304dfa4c99332970fdb600a48c15c61ebba8f
level=info msg="FindCgroupID: found path without matching pod id, continuing." subsystem=policy-filter pod-id=5d5e792c-d0b4-4745-a6f0-fa5d83b502e5 container-id=15fc81096cb7a9eee414d41da43539b0816fc8a9f7b828f9a20ec8809de6f6bd
level=info msg="Exit probe on acct_process"
level=info msg="Set execve_map entries 32768" size=28M
level=info msg="BPF ring buffer size (bytes)" total=1024K
level=info msg="BTF file: using metadata file" metadata=/sys/kernel/btf/vmlinux
level=info msg="Loading sensor" name=__base__
level=info msg="Loading kernel version 6.6.87.2"
level=info msg="Loaded sensor successfully" sensor=__base__
level=info msg="Available sensors" sensors=__base__
level=info msg="Registered sensors (policy-handlers)" policy-handlers="enforcer, loader sensor, tracing"
level=info msg="Registered probe types" types="enforcer, generic_fentry, generic_uprobe, generic_kprobe, generic_lsm, generic_tracepoint, generic_usdt, loader, execve"
level=info msg="Creating new EventCache" retries=15 delay=2s
level=info msg="Starting process manager" enableK8s=true enableProcessCred=true enableProcessNs=true
level=info msg="Configured field filters" fieldFilters=[]
level=info msg="Starting JSON exporter" logger="&{Filename:/var/run/cilium/tetragon/tetragon.log MaxSize:10 MaxAge:0 MaxBackups:5 LocalTime:false Compress:false FileMode:-rw------- size:0 file:<nil> mu:{_:{} mu:{state:0 sema:0}} millCh:<nil> millWg:{noCopy:{} state:{_:{} _:{} v:0} sema:0} startMill:{_:{} done:{_:{} v:0} m:{_:{} mu:{state:0 sema:0}}}}" request="allow_list:{event_set:PROCESS_EXEC  event_set:PROCESS_EXIT  event_set:PROCESS_KPROBE  event_set:PROCESS_UPROBE  event_set:PROCESS_TRACEPOINT  event_set:PROCESS_LSM}  deny_list:{health_check:{value:true}}  deny_list:{namespace:\"\"  namespace:\"cilium\"  namespace:\"kube-system\"}"
level=info msg="Exporter configuration" enabled=true fileName=/var/run/cilium/tetragon/tetragon.log
level=info msg="Starting gRPC health server" address=:6789 interval=10
level=info msg="Starting gRPC server" protocol=unix address=/var/run/tetragon/tetragon.sock
level=info msg="Successfully detected bpftool path" bpftool=/usr/bin/bpftool
level=info msg="Successfully detected gops path" gops=/usr/bin/gops
level=info msg="Enabling policy informers"
level=info msg="adding tracing policy" name=greenops-egress-connect info="greenops-egress-connect (object:1/9c6e0e7c-a665-4d68-8e81-e2c45a1e2843) (type:/)"
level=info msg="BPF: found active BPF resources" bpf-dir=/run/cilium/bpffs/tetragon pinned-bpf="[__base__ execve_map execve_map_stats execve_map_update_data policy_filter_maps tcpmon_map tg_conf_map tg_errmetrics_map tg_execve_joined_info_map tg_execve_joined_info_map_stats tg_mbset_gen tg_mbset_map tg_rb_events tg_stats_map]"
level=info msg="Read ProcFS /procRoot appended 82/143 entries"
level=info msg="Cgroup rate disabled (0/0s)"
level=info msg="Perf ring buffer size (bytes)" percpu=68K total=1M
level=info msg="Events queue size (events)" size=63K
level=info msg="Listening for events..."
level=info msg="Added kprobe" return=false function=tcp_connect override=false enforcer=false
level=info msg="Added generic kprobe sensor: /var/lib/tetragon/bpf_generic_kprobe_v61.o -> tcp_connect" override=false
level=info msg="BTF file: using metadata file" metadata=/sys/kernel/btf/vmlinux
level=info msg="Loading sensor" name=generic_kprobe
level=info msg="Loading kernel version 6.6.87.2"
level=info msg="Loaded generic kprobe program: /var/lib/tetragon/bpf_generic_kprobe_v61.o -> tcp_connect"
level=info msg="Loaded sensor successfully" sensor=generic_kprobe
level=warn msg="failed to find cgroup id. Skipping container." subsystem=policy-filter error="found pod dir=/procRoot/1/root/sys/fs/cgroup/kubelet.slice/kubelet-kubepods.slice/kubelet-kubepods-besteffort.slice/kubelet-kubepods-besteffort-pod1bdf2ca5_a08f_47a3_b6f7_b7b11f1904cd.slice but failed to find container for id=c51daaf460b715c072ab667a0d6e55f98a6acb05184c45e73015b08231188acb" pod-id=1bdf2ca5-a08f-47a3-b6f7-b7b11f1904cd container-id=c51daaf460b715c072ab667a0d6e55f98a6acb05184c45e73015b08231188acb
level=warn msg="failed to find cgroup id. Skipping container." subsystem=policy-filter error="found pod dir=/procRoot/1/root/sys/fs/cgroup/kubelet.slice/kubelet-kubepods.slice/kubelet-kubepods-besteffort.slice/kubelet-kubepods-besteffort-pod247a1591_c94b_4013_ac37_1d43f85653f4.slice but failed to find container for id=39eda92fba3baed501a6f8f6af64095cf03eaa1e150f23c0a04297031a7b22bd" pod-id=247a1591-c94b-4013-ac37-1d43f85653f4 container-id=39eda92fba3baed501a6f8f6af64095cf03eaa1e150f23c0a04297031a7b22bd
level=warn msg="failed to find cgroup id. Skipping container." subsystem=policy-filter error="found pod dir=/procRoot/1/root/sys/fs/cgroup/kubelet.slice/kubelet-kubepods.slice/kubelet-kubepods-besteffort.slice/kubelet-kubepods-besteffort-pod37989de0_eff2_4b53_9de1_5d7615d9d3d1.slice but failed to find container for id=6adb698186864a6448cfb1620563dfb4cc14b85499cfeef39515f31cd89f3f3e" pod-id=37989de0-eff2-4b53-9de1-5d7615d9d3d1 container-id=6adb698186864a6448cfb1620563dfb4cc14b85499cfeef39515f31cd89f3f3e
level=warn msg="failed to find cgroup id. Skipping container." subsystem=policy-filter error="found pod dir=/procRoot/1/root/sys/fs/cgroup/kubelet.slice/kubelet-kubepods.slice/kubelet-kubepods-besteffort.slice/kubelet-kubepods-besteffort-podc42d65a6_cef0_41d9_8e6f_18bae7ea0d98.slice but failed to find container for id=99420490db01ae80dd689f870d62dfa4a000ba5c9e1c2053415d22b3acca7759" pod-id=c42d65a6-cef0-41d9-8e6f-18bae7ea0d98 container-id=99420490db01ae80dd689f870d62dfa4a000ba5c9e1c2053415d22b3acca7759
